# JRE version: Java(TM) SE Runtime Environment (17.0.12+8) (build 17.0.12+8-LTS-286)
# Java VM: Java HotSpot(TM) 64-Bit Server VM (17.0.12+8-LTS-286, mixed mode, sharing, tiered, compressed oops, compressed class ptrs, g1 gc, windows-amd64)
GC Precious Log:
 CPUs: 8 total, 8 available
 Memory: 16337M
 Large Page Support: Disabled
 NUMA Support: Disabled
 Compressed Oops: Enabled (Zero based)
 Heap Region Size: 2M
 Heap Min Capacity: 8M
 Heap Initial Capacity: 256M
 Heap Max Capacity: 4086M
 Pre-touch: Disabled
 Parallel Workers: 8
 Concurrent Workers: 2
 Concurrent Refinement Workers: 8
 Periodic GC: Disabled
Heap:
 garbage-first heap   total 184320K, used 50513K [0x0000000700a00000, 0x0000000800000000)
  region size 2048K, 7 young (14336K), 6 survivors (12288K)
 Metaspace       used 36146K, committed 36544K, reserved 1114112K
  class space    used 4481K, committed 4672K, reserved 1048576K
GC Heap History (20 events):
Event: 1.242 GC heap before
{Heap before GC invocations=1 (full 0):
 garbage-first heap   total 262144K, used 26689K [0x0000000700a00000, 0x0000000800000000)
  region size 2048K, 10 young (20480K), 2 survivors (4096K)
 Metaspace       used 9234K, committed 9472K, reserved 1114112K
  class space    used 1108K, committed 1216K, reserved 1048576K
}
Event: 1.248 GC heap after
{Heap after GC invocations=2 (full 0):
 garbage-first heap   total 262144K, used 11931K [0x0000000700a00000, 0x0000000800000000)
  region size 2048K, 1 young (2048K), 1 survivors (2048K)
 Metaspace       used 9234K, committed 9472K, reserved 1114112K
  class space    used 1108K, committed 1216K, reserved 1048576K
}
Event: 2.237 GC heap before
{Heap before GC invocations=2 (full 0):
 garbage-first heap   total 262144K, used 63131K [0x0000000700a00000, 0x0000000800000000)
  region size 2048K, 22 young (45056K), 1 survivors (2048K)
 Metaspace       used 21194K, committed 21504K, reserved 1114112K
  class space    used 2412K, committed 2560K, reserved 1048576K
}
Event: 2.243 GC heap after
{Heap after GC invocations=3 (full 0):
 garbage-first heap   total 262144K, used 29385K [0x0000000700a00000, 0x0000000800000000)
  region size 2048K, 4 young (8192K), 4 survivors (8192K)
 Metaspace       used 21194K, committed 21504K, reserved 1114112K
  class space    used 2412K, committed 2560K, reserved 1048576K
}
Event: 2.599 GC heap before
{Heap before GC invocations=4 (full 0):
 garbage-first heap   total 116736K, used 90825K [0x0000000700a00000, 0x0000000800000000)
  region size 2048K, 34 young (69632K), 4 survivors (8192K)
 Metaspace       used 22422K, committed 22720K, reserved 1114112K
  class space    used 2610K, committed 2752K, reserved 1048576K
}
Event: 2.614 GC heap after
{Heap after GC invocations=5 (full 0):
 garbage-first heap   total 116736K, used 35895K [0x0000000700a00000, 0x0000000800000000)
  region size 2048K, 4 young (8192K), 4 survivors (8192K)
 Metaspace       used 22422K, committed 22720K, reserved 1114112K
  class space    used 2610K, committed 2752K, reserved 1048576K
}
Event: 2.619 GC heap before
{Heap before GC invocations=5 (full 0):
 garbage-first heap   total 116736K, used 37943K [0x0000000700a00000, 0x0000000800000000)
  region size 2048K, 5 young (10240K), 4 survivors (8192K)
 Metaspace       used 22422K, committed 22720K, reserved 1114112K
  class space    used 2610K, committed 2752K, reserved 1048576K
}
Event: 2.630 GC heap after
{Heap after GC invocations=6 (full 0):
 garbage-first heap   total 116736K, used 36771K [0x0000000700a00000, 0x0000000800000000)
  region size 2048K, 1 young (2048K), 1 survivors (2048K)
 Metaspace       used 22422K, committed 22720K, reserved 1114112K
  class space    used 2610K, committed 2752K, reserved 1048576K
}
Event: 2.824 GC heap before
{Heap before GC invocations=6 (full 0):
 garbage-first heap   total 116736K, used 75683K [0x0000000700a00000, 0x0000000800000000)
  region size 2048K, 20 young (40960K), 1 survivors (2048K)
 Metaspace       used 23320K, committed 23616K, reserved 1114112K
  class space    used 2755K, committed 2880K, reserved 1048576K
}
Event: 2.835 GC heap after
{Heap after GC invocations=7 (full 0):
 garbage-first heap   total 278528K, used 39703K [0x0000000700a00000, 0x0000000800000000)
  region size 2048K, 2 young (4096K), 2 survivors (4096K)
 Metaspace       used 23320K, committed 23616K, reserved 1114112K
  class space    used 2755K, committed 2880K, reserved 1048576K
}
Event: 4.792 GC heap before
{Heap before GC invocations=7 (full 0):
 garbage-first heap   total 278528K, used 195351K [0x0000000700a00000, 0x0000000800000000)
  region size 2048K, 78 young (159744K), 2 survivors (4096K)
 Metaspace       used 29092K, committed 29504K, reserved 1114112K
  class space    used 3632K, committed 3840K, reserved 1048576K
}
Event: 4.805 GC heap after
{Heap after GC invocations=8 (full 0):
 garbage-first heap   total 278528K, used 48139K [0x0000000700a00000, 0x0000000800000000)
  region size 2048K, 7 young (14336K), 7 survivors (14336K)
 Metaspace       used 29092K, committed 29504K, reserved 1114112K
  class space    used 3632K, committed 3840K, reserved 1048576K
}
Event: 5.813 GC heap before
{Heap before GC invocations=8 (full 0):
 garbage-first heap   total 278528K, used 193547K [0x0000000700a00000, 0x0000000800000000)
  region size 2048K, 78 young (159744K), 7 survivors (14336K)
 Metaspace       used 29107K, committed 29504K, reserved 1114112K
  class space    used 3632K, committed 3840K, reserved 1048576K
}
Event: 5.822 GC heap after
{Heap after GC invocations=9 (full 0):
 garbage-first heap   total 278528K, used 49244K [0x0000000700a00000, 0x0000000800000000)
  region size 2048K, 5 young (10240K), 5 survivors (10240K)
 Metaspace       used 29107K, committed 29504K, reserved 1114112K
  class space    used 3632K, committed 3840K, reserved 1048576K
}
Event: 6.961 GC heap before
{Heap before GC invocations=9 (full 0):
 garbage-first heap   total 278528K, used 204892K [0x0000000700a00000, 0x0000000800000000)
  region size 2048K, 81 young (165888K), 5 survivors (10240K)
 Metaspace       used 29116K, committed 29504K, reserved 1114112K
  class space    used 3633K, committed 3840K, reserved 1048576K
}
Event: 6.967 GC heap after
{Heap after GC invocations=10 (full 0):
 garbage-first heap   total 278528K, used 49244K [0x0000000700a00000, 0x0000000800000000)
  region size 2048K, 5 young (10240K), 5 survivors (10240K)
 Metaspace       used 29116K, committed 29504K, reserved 1114112K
  class space    used 3633K, committed 3840K, reserved 1048576K
}
Event: 7.934 GC heap before
{Heap before GC invocations=10 (full 0):
 garbage-first heap   total 278528K, used 204892K [0x0000000700a00000, 0x0000000800000000)
  region size 2048K, 81 young (165888K), 5 survivors (10240K)
 Metaspace       used 29901K, committed 30208K, reserved 1114112K
  class space    used 3742K, committed 3904K, reserved 1048576K
}
Event: 7.938 GC heap after
{Heap after GC invocations=11 (full 0):
 garbage-first heap   total 278528K, used 48784K [0x0000000700a00000, 0x0000000800000000)
  region size 2048K, 5 young (10240K), 5 survivors (10240K)
 Metaspace       used 29901K, committed 30208K, reserved 1114112K
  class space    used 3742K, committed 3904K, reserved 1048576K
}
Event: 29.825 GC heap before
{Heap before GC invocations=11 (full 0):
 garbage-first heap   total 278528K, used 81552K [0x0000000700a00000, 0x0000000800000000)
  region size 2048K, 22 young (45056K), 5 survivors (10240K)
 Metaspace       used 35731K, committed 36096K, reserved 1114112K
  class space    used 4472K, committed 4672K, reserved 1048576K
}
Event: 29.831 GC heap after
{Heap after GC invocations=12 (full 0):
 garbage-first heap   total 278528K, used 50513K [0x0000000700a00000, 0x0000000800000000)
  region size 2048K, 6 young (12288K), 6 survivors (12288K)
 Metaspace       used 35731K, committed 36096K, reserved 1114112K
  class space    used 4472K, committed 4672K, reserved 1048576K
}

