# JRE version: Java(TM) SE Runtime Environment (17.0.12+8) (build 17.0.12+8-LTS-286)
# Java VM: Java HotSpot(TM) 64-Bit Server VM (17.0.12+8-LTS-286, mixed mode, sharing, tiered, compressed oops, compressed class ptrs, g1 gc, windows-amd64)
GC Precious Log:
 CPUs: 8 total, 8 available
 Memory: 16337M
 Large Page Support: Disabled
 NUMA Support: Disabled
 Compressed Oops: Enabled (Zero based)
 Heap Region Size: 2M
 Heap Min Capacity: 8M
 Heap Initial Capacity: 256M
 Heap Max Capacity: 4086M
 Pre-touch: Disabled
 Parallel Workers: 8
 Concurrent Workers: 2
 Concurrent Refinement Workers: 8
 Periodic GC: Disabled
Heap:
 garbage-first heap   total 184320K, used 50063K [0x0000000700a00000, 0x0000000800000000)
  region size 2048K, 7 young (14336K), 6 survivors (12288K)
 Metaspace       used 36114K, committed 36480K, reserved 1114112K
  class space    used 4492K, committed 4672K, reserved 1048576K
GC Heap History (20 events):
Event: 1.348 GC heap before
{Heap before GC invocations=1 (full 0):
 garbage-first heap   total 262144K, used 26789K [0x0000000700a00000, 0x0000000800000000)
  region size 2048K, 10 young (20480K), 2 survivors (4096K)
 Metaspace       used 9263K, committed 9536K, reserved 1114112K
  class space    used 1109K, committed 1216K, reserved 1048576K
}
Event: 1.352 GC heap after
{Heap after GC invocations=2 (full 0):
 garbage-first heap   total 262144K, used 11642K [0x0000000700a00000, 0x0000000800000000)
  region size 2048K, 1 young (2048K), 1 survivors (2048K)
 Metaspace       used 9263K, committed 9536K, reserved 1114112K
  class space    used 1109K, committed 1216K, reserved 1048576K
}
Event: 2.553 GC heap before
{Heap before GC invocations=2 (full 0):
 garbage-first heap   total 262144K, used 64890K [0x0000000700a00000, 0x0000000800000000)
  region size 2048K, 22 young (45056K), 1 survivors (2048K)
 Metaspace       used 21201K, committed 21504K, reserved 1114112K
  class space    used 2416K, committed 2560K, reserved 1048576K
}
Event: 2.558 GC heap after
{Heap after GC invocations=3 (full 0):
 garbage-first heap   total 262144K, used 29151K [0x0000000700a00000, 0x0000000800000000)
  region size 2048K, 4 young (8192K), 4 survivors (8192K)
 Metaspace       used 21201K, committed 21504K, reserved 1114112K
  class space    used 2416K, committed 2560K, reserved 1048576K
}
Event: 2.965 GC heap before
{Heap before GC invocations=4 (full 0):
 garbage-first heap   total 116736K, used 90591K [0x0000000700a00000, 0x0000000800000000)
  region size 2048K, 35 young (71680K), 4 survivors (8192K)
 Metaspace       used 22426K, committed 22848K, reserved 1114112K
  class space    used 2615K, committed 2816K, reserved 1048576K
}
Event: 2.977 GC heap after
{Heap after GC invocations=5 (full 0):
 garbage-first heap   total 116736K, used 35991K [0x0000000700a00000, 0x0000000800000000)
  region size 2048K, 7 young (14336K), 7 survivors (14336K)
 Metaspace       used 22426K, committed 22848K, reserved 1114112K
  class space    used 2615K, committed 2816K, reserved 1048576K
}
Event: 2.982 GC heap before
{Heap before GC invocations=5 (full 0):
 garbage-first heap   total 116736K, used 38039K [0x0000000700a00000, 0x0000000800000000)
  region size 2048K, 8 young (16384K), 7 survivors (14336K)
 Metaspace       used 22426K, committed 22848K, reserved 1114112K
  class space    used 2615K, committed 2816K, reserved 1048576K
}
Event: 2.994 GC heap after
{Heap after GC invocations=6 (full 0):
 garbage-first heap   total 116736K, used 37104K [0x0000000700a00000, 0x0000000800000000)
  region size 2048K, 1 young (2048K), 1 survivors (2048K)
 Metaspace       used 22426K, committed 22848K, reserved 1114112K
  class space    used 2615K, committed 2816K, reserved 1048576K
}
Event: 3.255 GC heap before
{Heap before GC invocations=6 (full 0):
 garbage-first heap   total 116736K, used 76016K [0x0000000700a00000, 0x0000000800000000)
  region size 2048K, 20 young (40960K), 1 survivors (2048K)
 Metaspace       used 23319K, committed 23680K, reserved 1114112K
  class space    used 2760K, committed 2944K, reserved 1048576K
}
Event: 3.264 GC heap after
{Heap after GC invocations=7 (full 0):
 garbage-first heap   total 286720K, used 39249K [0x0000000700a00000, 0x0000000800000000)
  region size 2048K, 2 young (4096K), 2 survivors (4096K)
 Metaspace       used 23319K, committed 23680K, reserved 1114112K
  class space    used 2760K, committed 2944K, reserved 1048576K
}
Event: 5.260 GC heap before
{Heap before GC invocations=7 (full 0):
 garbage-first heap   total 286720K, used 201041K [0x0000000700a00000, 0x0000000800000000)
  region size 2048K, 81 young (165888K), 2 survivors (4096K)
 Metaspace       used 29083K, committed 29376K, reserved 1114112K
  class space    used 3635K, committed 3776K, reserved 1048576K
}
Event: 5.304 GC heap after
{Heap after GC invocations=8 (full 0):
 garbage-first heap   total 286720K, used 47865K [0x0000000700a00000, 0x0000000800000000)
  region size 2048K, 7 young (14336K), 7 survivors (14336K)
 Metaspace       used 29083K, committed 29376K, reserved 1114112K
  class space    used 3635K, committed 3776K, reserved 1048576K
}
Event: 6.682 GC heap before
{Heap before GC invocations=8 (full 0):
 garbage-first heap   total 286720K, used 201465K [0x0000000700a00000, 0x0000000800000000)
  region size 2048K, 82 young (167936K), 7 survivors (14336K)
 Metaspace       used 29101K, committed 29440K, reserved 1114112K
  class space    used 3635K, committed 3776K, reserved 1048576K
}
Event: 6.694 GC heap after
{Heap after GC invocations=9 (full 0):
 garbage-first heap   total 286720K, used 48591K [0x0000000700a00000, 0x0000000800000000)
  region size 2048K, 5 young (10240K), 5 survivors (10240K)
 Metaspace       used 29101K, committed 29440K, reserved 1114112K
  class space    used 3635K, committed 3776K, reserved 1048576K
}
Event: 8.758 GC heap before
{Heap before GC invocations=9 (full 0):
 garbage-first heap   total 286720K, used 210383K [0x0000000700a00000, 0x0000000800000000)
  region size 2048K, 84 young (172032K), 5 survivors (10240K)
 Metaspace       used 29115K, committed 29440K, reserved 1114112K
  class space    used 3636K, committed 3776K, reserved 1048576K
}
Event: 8.764 GC heap after
{Heap after GC invocations=10 (full 0):
 garbage-first heap   total 286720K, used 48759K [0x0000000700a00000, 0x0000000800000000)
  region size 2048K, 5 young (10240K), 5 survivors (10240K)
 Metaspace       used 29115K, committed 29440K, reserved 1114112K
  class space    used 3636K, committed 3776K, reserved 1048576K
}
Event: 10.855 GC heap before
{Heap before GC invocations=10 (full 0):
 garbage-first heap   total 286720K, used 210551K [0x0000000700a00000, 0x0000000800000000)
  region size 2048K, 84 young (172032K), 5 survivors (10240K)
 Metaspace       used 33173K, committed 33536K, reserved 1114112K
  class space    used 4172K, committed 4352K, reserved 1048576K
}
Event: 10.861 GC heap after
{Heap after GC invocations=11 (full 0):
 garbage-first heap   total 286720K, used 49094K [0x0000000700a00000, 0x0000000800000000)
  region size 2048K, 5 young (10240K), 5 survivors (10240K)
 Metaspace       used 33173K, committed 33536K, reserved 1114112K
  class space    used 4172K, committed 4352K, reserved 1048576K
}
Event: 11.925 GC heap before
{Heap before GC invocations=11 (full 0):
 garbage-first heap   total 286720K, used 53190K [0x0000000700a00000, 0x0000000800000000)
  region size 2048K, 8 young (16384K), 5 survivors (10240K)
 Metaspace       used 35779K, committed 36160K, reserved 1114112K
  class space    used 4484K, committed 4672K, reserved 1048576K
}
Event: 11.932 GC heap after
{Heap after GC invocations=12 (full 0):
 garbage-first heap   total 286720K, used 50063K [0x0000000700a00000, 0x0000000800000000)
  region size 2048K, 6 young (12288K), 6 survivors (12288K)
 Metaspace       used 35779K, committed 36160K, reserved 1114112K
  class space    used 4484K, committed 4672K, reserved 1048576K
}

