# JRE version: Java(TM) SE Runtime Environment (17.0.12+8) (build 17.0.12+8-LTS-286)
# Java VM: Java HotSpot(TM) 64-Bit Server VM (17.0.12+8-LTS-286, mixed mode, sharing, tiered, compressed oops, compressed class ptrs, g1 gc, windows-amd64)
GC Precious Log:
 CPUs: 8 total, 8 available
 Memory: 16337M
 Large Page Support: Disabled
 NUMA Support: Disabled
 Compressed Oops: Enabled (Zero based)
 Heap Region Size: 2M
 Heap Min Capacity: 8M
 Heap Initial Capacity: 256M
 Heap Max Capacity: 4086M
 Pre-touch: Disabled
 Parallel Workers: 8
 Concurrent Workers: 2
 Concurrent Refinement Workers: 8
 Periodic GC: Disabled
Heap:
 garbage-first heap   total 184320K, used 50655K [0x0000000700a00000, 0x0000000800000000)
  region size 2048K, 7 young (14336K), 6 survivors (12288K)
 Metaspace       used 36088K, committed 36352K, reserved 1114112K
  class space    used 4481K, committed 4608K, reserved 1048576K
GC Heap History (20 events):
Event: 1.583 GC heap before
{Heap before GC invocations=1 (full 0):
 garbage-first heap   total 262144K, used 26848K [0x0000000700a00000, 0x0000000800000000)
  region size 2048K, 10 young (20480K), 2 survivors (4096K)
 Metaspace       used 9247K, committed 9472K, reserved 1114112K
  class space    used 1110K, committed 1216K, reserved 1048576K
}
Event: 1.592 GC heap after
{Heap after GC invocations=2 (full 0):
 garbage-first heap   total 262144K, used 11612K [0x0000000700a00000, 0x0000000800000000)
  region size 2048K, 1 young (2048K), 1 survivors (2048K)
 Metaspace       used 9247K, committed 9472K, reserved 1114112K
  class space    used 1110K, committed 1216K, reserved 1048576K
}
Event: 3.287 GC heap before
{Heap before GC invocations=2 (full 0):
 garbage-first heap   total 262144K, used 64860K [0x0000000700a00000, 0x0000000800000000)
  region size 2048K, 22 young (45056K), 1 survivors (2048K)
 Metaspace       used 21209K, committed 21504K, reserved 1114112K
  class space    used 2415K, committed 2560K, reserved 1048576K
}
Event: 3.292 GC heap after
{Heap after GC invocations=3 (full 0):
 garbage-first heap   total 262144K, used 29166K [0x0000000700a00000, 0x0000000800000000)
  region size 2048K, 4 young (8192K), 4 survivors (8192K)
 Metaspace       used 21209K, committed 21504K, reserved 1114112K
  class space    used 2415K, committed 2560K, reserved 1048576K
}
Event: 3.737 GC heap before
{Heap before GC invocations=4 (full 0):
 garbage-first heap   total 116736K, used 90606K [0x0000000700a00000, 0x0000000800000000)
  region size 2048K, 34 young (69632K), 4 survivors (8192K)
 Metaspace       used 22421K, committed 22784K, reserved 1114112K
  class space    used 2612K, committed 2816K, reserved 1048576K
}
Event: 3.749 GC heap after
{Heap after GC invocations=5 (full 0):
 garbage-first heap   total 116736K, used 35578K [0x0000000700a00000, 0x0000000800000000)
  region size 2048K, 4 young (8192K), 4 survivors (8192K)
 Metaspace       used 22421K, committed 22784K, reserved 1114112K
  class space    used 2612K, committed 2816K, reserved 1048576K
}
Event: 3.752 GC heap before
{Heap before GC invocations=5 (full 0):
 garbage-first heap   total 116736K, used 37626K [0x0000000700a00000, 0x0000000800000000)
  region size 2048K, 5 young (10240K), 4 survivors (8192K)
 Metaspace       used 22421K, committed 22784K, reserved 1114112K
  class space    used 2612K, committed 2816K, reserved 1048576K
}
Event: 3.759 GC heap after
{Heap after GC invocations=6 (full 0):
 garbage-first heap   total 116736K, used 36765K [0x0000000700a00000, 0x0000000800000000)
  region size 2048K, 1 young (2048K), 1 survivors (2048K)
 Metaspace       used 22421K, committed 22784K, reserved 1114112K
  class space    used 2612K, committed 2816K, reserved 1048576K
}
Event: 4.035 GC heap before
{Heap before GC invocations=6 (full 0):
 garbage-first heap   total 116736K, used 75677K [0x0000000700a00000, 0x0000000800000000)
  region size 2048K, 20 young (40960K), 1 survivors (2048K)
 Metaspace       used 23311K, committed 23680K, reserved 1114112K
  class space    used 2756K, committed 2944K, reserved 1048576K
}
Event: 4.044 GC heap after
{Heap after GC invocations=7 (full 0):
 garbage-first heap   total 278528K, used 39727K [0x0000000700a00000, 0x0000000800000000)
  region size 2048K, 2 young (4096K), 2 survivors (4096K)
 Metaspace       used 23311K, committed 23680K, reserved 1114112K
  class space    used 2756K, committed 2944K, reserved 1048576K
}
Event: 7.063 GC heap before
{Heap before GC invocations=7 (full 0):
 garbage-first heap   total 278528K, used 193327K [0x0000000700a00000, 0x0000000800000000)
  region size 2048K, 77 young (157696K), 2 survivors (4096K)
 Metaspace       used 29103K, committed 29440K, reserved 1114112K
  class space    used 3632K, committed 3776K, reserved 1048576K
}
Event: 7.073 GC heap after
{Heap after GC invocations=8 (full 0):
 garbage-first heap   total 278528K, used 48272K [0x0000000700a00000, 0x0000000800000000)
  region size 2048K, 7 young (14336K), 7 survivors (14336K)
 Metaspace       used 29103K, committed 29440K, reserved 1114112K
  class space    used 3632K, committed 3776K, reserved 1048576K
}
Event: 8.343 GC heap before
{Heap before GC invocations=8 (full 0):
 garbage-first heap   total 278528K, used 191632K [0x0000000700a00000, 0x0000000800000000)
  region size 2048K, 77 young (157696K), 7 survivors (14336K)
 Metaspace       used 29114K, committed 29440K, reserved 1114112K
  class space    used 3633K, committed 3776K, reserved 1048576K
}
Event: 8.350 GC heap after
{Heap after GC invocations=9 (full 0):
 garbage-first heap   total 278528K, used 49099K [0x0000000700a00000, 0x0000000800000000)
  region size 2048K, 5 young (10240K), 5 survivors (10240K)
 Metaspace       used 29114K, committed 29440K, reserved 1114112K
  class space    used 3633K, committed 3776K, reserved 1048576K
}
Event: 9.292 GC heap before
{Heap before GC invocations=9 (full 0):
 garbage-first heap   total 278528K, used 204747K [0x0000000700a00000, 0x0000000800000000)
  region size 2048K, 81 young (165888K), 5 survivors (10240K)
 Metaspace       used 29121K, committed 29440K, reserved 1114112K
  class space    used 3633K, committed 3776K, reserved 1048576K
}
Event: 9.297 GC heap after
{Heap after GC invocations=10 (full 0):
 garbage-first heap   total 278528K, used 49148K [0x0000000700a00000, 0x0000000800000000)
  region size 2048K, 5 young (10240K), 5 survivors (10240K)
 Metaspace       used 29121K, committed 29440K, reserved 1114112K
  class space    used 3633K, committed 3776K, reserved 1048576K
}
Event: 10.300 GC heap before
{Heap before GC invocations=10 (full 0):
 garbage-first heap   total 278528K, used 204796K [0x0000000700a00000, 0x0000000800000000)
  region size 2048K, 81 young (165888K), 5 survivors (10240K)
 Metaspace       used 29844K, committed 30144K, reserved 1114112K
  class space    used 3744K, committed 3904K, reserved 1048576K
}
Event: 10.305 GC heap after
{Heap after GC invocations=11 (full 0):
 garbage-first heap   total 278528K, used 48981K [0x0000000700a00000, 0x0000000800000000)
  region size 2048K, 5 young (10240K), 5 survivors (10240K)
 Metaspace       used 29844K, committed 30144K, reserved 1114112K
  class space    used 3744K, committed 3904K, reserved 1048576K
}
Event: 22.967 GC heap before
{Heap before GC invocations=11 (full 0):
 garbage-first heap   total 278528K, used 85845K [0x0000000700a00000, 0x0000000800000000)
  region size 2048K, 24 young (49152K), 5 survivors (10240K)
 Metaspace       used 35697K, committed 35968K, reserved 1114112K
  class space    used 4472K, committed 4608K, reserved 1048576K
}
Event: 22.972 GC heap after
{Heap after GC invocations=12 (full 0):
 garbage-first heap   total 278528K, used 50655K [0x0000000700a00000, 0x0000000800000000)
  region size 2048K, 6 young (12288K), 6 survivors (12288K)
 Metaspace       used 35697K, committed 35968K, reserved 1114112K
  class space    used 4472K, committed 4608K, reserved 1048576K
}

